<?xml version="1.0" encoding="UTF-8"?>
<coverage generated="1620875646299" clover="3.2.0">
  <project timestamp="1620875646299" name="All files">
    <metrics statements="57" coveredstatements="57" conditionals="20" coveredconditionals="20" methods="9" coveredmethods="9" elements="86" coveredelements="86" complexity="0" loc="57" ncloc="57" packages="1" files="2" classes="2"/>
    <file name="content.js" path="C:\Project\jest-test\content.js">
      <metrics statements="2" coveredstatements="2" conditionals="0" coveredconditionals="0" methods="0" coveredmethods="0"/>
      <line num="1" count="1" type="stmt"/>
      <line num="32" count="1" type="stmt"/>
    </file>
    <file name="index.js" path="C:\Project\jest-test\index.js">
      <metrics statements="55" coveredstatements="55" conditionals="20" coveredconditionals="20" methods="9" coveredmethods="9"/>
      <line num="1" count="1" type="stmt"/>
      <line num="3" count="1" type="stmt"/>
      <line num="4" count="11" type="stmt"/>
      <line num="6" count="11" type="cond" truecount="2" falsecount="0"/>
      <line num="7" count="6" type="stmt"/>
      <line num="10" count="5" type="cond" truecount="2" falsecount="0"/>
      <line num="11" count="1" type="stmt"/>
      <line num="12" count="1" type="stmt"/>
      <line num="14" count="4" type="stmt"/>
      <line num="15" count="4" type="stmt"/>
      <line num="17" count="4" type="stmt"/>
      <line num="19" count="4" type="stmt"/>
      <line num="22" count="1" type="stmt"/>
      <line num="23" count="5" type="cond" truecount="2" falsecount="0"/>
      <line num="24" count="2" type="stmt"/>
      <line num="25" count="2" type="stmt"/>
      <line num="27" count="3" type="stmt"/>
      <line num="31" count="1" type="stmt"/>
      <line num="32" count="6" type="stmt"/>
      <line num="34" count="6" type="cond" truecount="2" falsecount="0"/>
      <line num="35" count="3" type="stmt"/>
      <line num="38" count="3" type="cond" truecount="2" falsecount="0"/>
      <line num="39" count="1" type="stmt"/>
      <line num="40" count="1" type="stmt"/>
      <line num="43" count="2" type="stmt"/>
      <line num="44" count="2" type="stmt"/>
      <line num="46" count="2" type="stmt"/>
      <line num="48" count="2" type="stmt"/>
      <line num="51" count="1" type="stmt"/>
      <line num="52" count="24" type="stmt"/>
      <line num="53" count="63" type="stmt"/>
      <line num="56" count="24" type="cond" truecount="2" falsecount="0"/>
      <line num="57" count="12" type="stmt"/>
      <line num="59" count="12" type="stmt"/>
      <line num="62" count="1" type="stmt"/>
      <line num="63" count="19" type="cond" truecount="2" falsecount="0"/>
      <line num="64" count="9" type="stmt"/>
      <line num="67" count="10" type="stmt"/>
      <line num="68" count="10" type="stmt"/>
      <line num="71" count="10" type="stmt"/>
      <line num="73" count="10" type="stmt"/>
      <line num="76" count="1" type="stmt"/>
      <line num="77" count="5" type="cond" truecount="2" falsecount="0"/>
      <line num="78" count="1" type="stmt"/>
      <line num="79" count="1" type="stmt"/>
      <line num="80" count="4" type="cond" truecount="2" falsecount="0"/>
      <line num="81" count="1" type="stmt"/>
      <line num="82" count="1" type="stmt"/>
      <line num="83" count="3" type="cond" truecount="2" falsecount="0"/>
      <line num="84" count="1" type="stmt"/>
      <line num="87" count="1" type="stmt"/>
      <line num="89" count="2" type="stmt"/>
      <line num="90" count="8" type="stmt"/>
      <line num="92" count="2" type="stmt"/>
      <line num="96" count="1" type="stmt"/>
    </file>
  </project>
</coverage>
