{"C:\\Project\\jest-test\\content.js": {"path":"C:\\Project\\jest-test\\content.js","statementMap":{"0":{"start":{"line":1,"column":24},"end":{"line":30,"column":1}},"1":{"start":{"line":32,"column":0},"end":{"line":32,"column":37}}},"fnMap":{},"branchMap":{},"s":{"0":1,"1":1},"f":{},"b":{},"_coverageSchema":"1a1c01bbd47fc00a2c39e90264f33305004495a9","hash":"b0a4d032877f26227e8bc612ca86b14ff006c85e"}
,"C:\\Project\\jest-test\\index.js": {"path":"C:\\Project\\jest-test\\index.js","statementMap":{"0":{"start":{"line":1,"column":28},"end":{"line":1,"column":48}},"1":{"start":{"line":3,"column":17},"end":{"line":20,"column":1}},"2":{"start":{"line":4,"column":36},"end":{"line":4,"column":61}},"3":{"start":{"line":6,"column":2},"end":{"line":8,"column":3}},"4":{"start":{"line":7,"column":4},"end":{"line":7,"column":17}},"5":{"start":{"line":10,"column":2},"end":{"line":13,"column":3}},"6":{"start":{"line":11,"column":4},"end":{"line":11,"column":41}},"7":{"start":{"line":12,"column":4},"end":{"line":12,"column":17}},"8":{"start":{"line":14,"column":2},"end":{"line":14,"column":45}},"9":{"start":{"line":15,"column":2},"end":{"line":15,"column":55}},"10":{"start":{"line":17,"column":2},"end":{"line":17,"column":42}},"11":{"start":{"line":19,"column":2},"end":{"line":19,"column":14}},"12":{"start":{"line":22,"column":35},"end":{"line":29,"column":1}},"13":{"start":{"line":23,"column":2},"end":{"line":28,"column":3}},"14":{"start":{"line":24,"column":27},"end":{"line":24,"column":52}},"15":{"start":{"line":25,"column":4},"end":{"line":25,"column":27}},"16":{"start":{"line":27,"column":4},"end":{"line":27,"column":17}},"17":{"start":{"line":31,"column":16},"end":{"line":49,"column":1}},"18":{"start":{"line":32,"column":36},"end":{"line":32,"column":61}},"19":{"start":{"line":34,"column":2},"end":{"line":36,"column":3}},"20":{"start":{"line":35,"column":4},"end":{"line":35,"column":17}},"21":{"start":{"line":38,"column":2},"end":{"line":41,"column":3}},"22":{"start":{"line":39,"column":4},"end":{"line":39,"column":60}},"23":{"start":{"line":40,"column":4},"end":{"line":40,"column":17}},"24":{"start":{"line":43,"column":2},"end":{"line":43,"column":45}},"25":{"start":{"line":44,"column":2},"end":{"line":44,"column":55}},"26":{"start":{"line":46,"column":2},"end":{"line":46,"column":42}},"27":{"start":{"line":48,"column":2},"end":{"line":48,"column":14}},"28":{"start":{"line":51,"column":30},"end":{"line":60,"column":1}},"29":{"start":{"line":52,"column":18},"end":{"line":54,"column":3}},"30":{"start":{"line":53,"column":17},"end":{"line":53,"column":56}},"31":{"start":{"line":56,"column":2},"end":{"line":58,"column":3}},"32":{"start":{"line":57,"column":4},"end":{"line":57,"column":16}},"33":{"start":{"line":59,"column":2},"end":{"line":59,"column":15}},"34":{"start":{"line":62,"column":19},"end":{"line":74,"column":1}},"35":{"start":{"line":63,"column":2},"end":{"line":65,"column":3}},"36":{"start":{"line":64,"column":4},"end":{"line":64,"column":17}},"37":{"start":{"line":67,"column":23},"end":{"line":69,"column":3}},"38":{"start":{"line":68,"column":17},"end":{"line":68,"column":56}},"39":{"start":{"line":71,"column":18},"end":{"line":71,"column":47}},"40":{"start":{"line":73,"column":2},"end":{"line":73,"column":35}},"41":{"start":{"line":76,"column":36},"end":{"line":94,"column":1}},"42":{"start":{"line":77,"column":2},"end":{"line":93,"column":3}},"43":{"start":{"line":78,"column":4},"end":{"line":78,"column":62}},"44":{"start":{"line":79,"column":4},"end":{"line":79,"column":17}},"45":{"start":{"line":80,"column":9},"end":{"line":93,"column":3}},"46":{"start":{"line":81,"column":4},"end":{"line":81,"column":73}},"47":{"start":{"line":82,"column":4},"end":{"line":82,"column":17}},"48":{"start":{"line":83,"column":9},"end":{"line":93,"column":3}},"49":{"start":{"line":84,"column":4},"end":{"line":86,"column":6}},"50":{"start":{"line":87,"column":4},"end":{"line":87,"column":17}},"51":{"start":{"line":89,"column":4},"end":{"line":91,"column":7}},"52":{"start":{"line":90,"column":6},"end":{"line":90,"column":27}},"53":{"start":{"line":92,"column":4},"end":{"line":92,"column":16}},"54":{"start":{"line":96,"column":0},"end":{"line":102,"column":2}}},"fnMap":{"0":{"name":"(anonymous_0)","decl":{"start":{"line":3,"column":17},"end":{"line":3,"column":18}},"loc":{"start":{"line":3,"column":44},"end":{"line":20,"column":1}},"line":3},"1":{"name":"(anonymous_1)","decl":{"start":{"line":22,"column":35},"end":{"line":22,"column":36}},"loc":{"start":{"line":22,"column":62},"end":{"line":29,"column":1}},"line":22},"2":{"name":"(anonymous_2)","decl":{"start":{"line":31,"column":16},"end":{"line":31,"column":17}},"loc":{"start":{"line":31,"column":43},"end":{"line":49,"column":1}},"line":31},"3":{"name":"(anonymous_3)","decl":{"start":{"line":51,"column":30},"end":{"line":51,"column":31}},"loc":{"start":{"line":51,"column":49},"end":{"line":60,"column":1}},"line":51},"4":{"name":"(anonymous_4)","decl":{"start":{"line":53,"column":4},"end":{"line":53,"column":5}},"loc":{"start":{"line":53,"column":17},"end":{"line":53,"column":56}},"line":53},"5":{"name":"(anonymous_5)","decl":{"start":{"line":62,"column":19},"end":{"line":62,"column":20}},"loc":{"start":{"line":62,"column":38},"end":{"line":74,"column":1}},"line":62},"6":{"name":"(anonymous_6)","decl":{"start":{"line":68,"column":4},"end":{"line":68,"column":5}},"loc":{"start":{"line":68,"column":17},"end":{"line":68,"column":56}},"line":68},"7":{"name":"(anonymous_7)","decl":{"start":{"line":76,"column":36},"end":{"line":76,"column":37}},"loc":{"start":{"line":76,"column":50},"end":{"line":94,"column":1}},"line":76},"8":{"name":"(anonymous_8)","decl":{"start":{"line":89,"column":28},"end":{"line":89,"column":29}},"loc":{"start":{"line":89,"column":41},"end":{"line":91,"column":5}},"line":89}},"branchMap":{"0":{"loc":{"start":{"line":6,"column":2},"end":{"line":8,"column":3}},"type":"if","locations":[{"start":{"line":6,"column":2},"end":{"line":8,"column":3}},{"start":{"line":6,"column":2},"end":{"line":8,"column":3}}],"line":6},"1":{"loc":{"start":{"line":10,"column":2},"end":{"line":13,"column":3}},"type":"if","locations":[{"start":{"line":10,"column":2},"end":{"line":13,"column":3}},{"start":{"line":10,"column":2},"end":{"line":13,"column":3}}],"line":10},"2":{"loc":{"start":{"line":23,"column":2},"end":{"line":28,"column":3}},"type":"if","locations":[{"start":{"line":23,"column":2},"end":{"line":28,"column":3}},{"start":{"line":23,"column":2},"end":{"line":28,"column":3}}],"line":23},"3":{"loc":{"start":{"line":34,"column":2},"end":{"line":36,"column":3}},"type":"if","locations":[{"start":{"line":34,"column":2},"end":{"line":36,"column":3}},{"start":{"line":34,"column":2},"end":{"line":36,"column":3}}],"line":34},"4":{"loc":{"start":{"line":38,"column":2},"end":{"line":41,"column":3}},"type":"if","locations":[{"start":{"line":38,"column":2},"end":{"line":41,"column":3}},{"start":{"line":38,"column":2},"end":{"line":41,"column":3}}],"line":38},"5":{"loc":{"start":{"line":56,"column":2},"end":{"line":58,"column":3}},"type":"if","locations":[{"start":{"line":56,"column":2},"end":{"line":58,"column":3}},{"start":{"line":56,"column":2},"end":{"line":58,"column":3}}],"line":56},"6":{"loc":{"start":{"line":63,"column":2},"end":{"line":65,"column":3}},"type":"if","locations":[{"start":{"line":63,"column":2},"end":{"line":65,"column":3}},{"start":{"line":63,"column":2},"end":{"line":65,"column":3}}],"line":63},"7":{"loc":{"start":{"line":77,"column":2},"end":{"line":93,"column":3}},"type":"if","locations":[{"start":{"line":77,"column":2},"end":{"line":93,"column":3}},{"start":{"line":77,"column":2},"end":{"line":93,"column":3}}],"line":77},"8":{"loc":{"start":{"line":80,"column":9},"end":{"line":93,"column":3}},"type":"if","locations":[{"start":{"line":80,"column":9},"end":{"line":93,"column":3}},{"start":{"line":80,"column":9},"end":{"line":93,"column":3}}],"line":80},"9":{"loc":{"start":{"line":83,"column":9},"end":{"line":93,"column":3}},"type":"if","locations":[{"start":{"line":83,"column":9},"end":{"line":93,"column":3}},{"start":{"line":83,"column":9},"end":{"line":93,"column":3}}],"line":83}},"s":{"0":1,"1":1,"2":11,"3":11,"4":6,"5":5,"6":1,"7":1,"8":4,"9":4,"10":4,"11":4,"12":1,"13":5,"14":2,"15":2,"16":3,"17":1,"18":6,"19":6,"20":3,"21":3,"22":1,"23":1,"24":2,"25":2,"26":2,"27":2,"28":1,"29":24,"30":63,"31":24,"32":12,"33":12,"34":1,"35":19,"36":9,"37":10,"38":10,"39":10,"40":10,"41":1,"42":5,"43":1,"44":1,"45":4,"46":1,"47":1,"48":3,"49":1,"50":1,"51":2,"52":8,"53":2,"54":1},"f":{"0":11,"1":5,"2":6,"3":24,"4":63,"5":19,"6":10,"7":5,"8":8},"b":{"0":[6,5],"1":[1,4],"2":[2,3],"3":[3,3],"4":[1,2],"5":[12,12],"6":[9,10],"7":[1,4],"8":[1,3],"9":[1,2]},"_coverageSchema":"1a1c01bbd47fc00a2c39e90264f33305004495a9","hash":"7abbea43ff8eb7b16b693db62f134859802c8a75"}
}
