TN:
SF:content.js
FNF:0
FNH:0
DA:1,1
DA:32,1
LF:2
LH:2
BRF:0
BRH:0
end_of_record
TN:
SF:index.js
FN:3,(anonymous_0)
FN:22,(anonymous_1)
FN:31,(anonymous_2)
FN:51,(anonymous_3)
FN:53,(anonymous_4)
FN:62,(anonymous_5)
FN:68,(anonymous_6)
FN:76,(anonymous_7)
FN:89,(anonymous_8)
FNF:9
FNH:9
FNDA:11,(anonymous_0)
FNDA:5,(anonymous_1)
FNDA:6,(anonymous_2)
FNDA:24,(anonymous_3)
FNDA:63,(anonymous_4)
FNDA:19,(anonymous_5)
FNDA:10,(anonymous_6)
FNDA:5,(anonymous_7)
FNDA:8,(anonymous_8)
DA:1,1
DA:3,1
DA:4,11
DA:6,11
DA:7,6
DA:10,5
DA:11,1
DA:12,1
DA:14,4
DA:15,4
DA:17,4
DA:19,4
DA:22,1
DA:23,5
DA:24,2
DA:25,2
DA:27,3
DA:31,1
DA:32,6
DA:34,6
DA:35,3
DA:38,3
DA:39,1
DA:40,1
DA:43,2
DA:44,2
DA:46,2
DA:48,2
DA:51,1
DA:52,24
DA:53,63
DA:56,24
DA:57,12
DA:59,12
DA:62,1
DA:63,19
DA:64,9
DA:67,10
DA:68,10
DA:71,10
DA:73,10
DA:76,1
DA:77,5
DA:78,1
DA:79,1
DA:80,4
DA:81,1
DA:82,1
DA:83,3
DA:84,1
DA:87,1
DA:89,2
DA:90,8
DA:92,2
DA:96,1
LF:55
LH:55
BRDA:6,0,0,6
BRDA:6,0,1,5
BRDA:10,1,0,1
BRDA:10,1,1,4
BRDA:23,2,0,2
BRDA:23,2,1,3
BRDA:34,3,0,3
BRDA:34,3,1,3
BRDA:38,4,0,1
BRDA:38,4,1,2
BRDA:56,5,0,12
BRDA:56,5,1,12
BRDA:63,6,0,9
BRDA:63,6,1,10
BRDA:77,7,0,1
BRDA:77,7,1,4
BRDA:80,8,0,1
BRDA:80,8,1,3
BRDA:83,9,0,1
BRDA:83,9,1,2
BRF:20
BRH:20
end_of_record
